SF:lib/src/models/device_info.dart
DA:9,2
DA:18,2
DA:19,2
DA:20,2
DA:21,2
DA:22,2
DA:23,2
DA:24,2
DA:25,2
DA:29,1
DA:30,1
DA:31,1
DA:32,1
DA:33,1
DA:34,1
DA:35,1
DA:36,1
DA:41,6
DA:44,2
DA:45,2
DA:47,2
DA:49,2
DA:56,0
DA:58,0
DA:59,0
DA:60,0
LF:26
LH:22
end_of_record
SF:lib/ai_edge_sdk_method_channel.dart
DA:11,1
DA:20,2
DA:22,1
DA:30,1
DA:31,1
DA:32,2
DA:33,1
DA:34,1
DA:35,1
DA:36,1
DA:38,2
DA:39,1
DA:40,1
DA:41,1
DA:42,1
DA:45,1
DA:46,1
DA:47,1
DA:48,1
DA:53,1
DA:56,2
DA:58,1
DA:60,1
DA:61,1
DA:62,2
DA:63,2
DA:65,1
DA:66,1
DA:67,1
DA:68,1
DA:73,1
DA:76,2
DA:78,1
DA:80,1
DA:81,1
DA:82,2
DA:83,0
DA:85,1
DA:86,1
DA:87,1
DA:88,1
DA:93,1
DA:96,2
DA:99,1
DA:100,1
DA:101,1
DA:102,1
DA:103,1
DA:104,1
DA:109,1
DA:112,2
DA:113,1
DA:114,1
DA:115,1
DA:116,1
DA:117,1
LF:56
LH:55
end_of_record
SF:lib/src/exceptions/ai_edge_exceptions.dart
DA:6,2
DA:8,0
DA:9,0
DA:13,1
DA:14,1
DA:18,1
DA:19,1
DA:23,1
DA:24,1
DA:28,2
DA:29,2
DA:33,2
DA:34,2
DA:38,0
DA:39,0
LF:15
LH:11
end_of_record
SF:lib/ai_edge_sdk_platform_interface.dart
DA:6,6
DA:8,6
DA:10,1
DA:12,2
DA:14,1
DA:15,2
DA:19,0
DA:26,0
DA:29,0
DA:30,0
DA:33,0
DA:34,0
DA:37,0
DA:38,0
DA:41,0
DA:42,0
LF:16
LH:6
end_of_record
SF:lib/ai_edge_sdk.dart
DA:13,3
DA:14,2
DA:15,1
DA:24,1
DA:32,2
DA:39,2
DA:40,1
DA:42,1
DA:47,1
DA:48,1
DA:50,2
DA:51,1
DA:54,1
DA:58,1
DA:60,2
DA:62,1
DA:63,3
DA:64,2
DA:68,1
DA:76,1
DA:77,2
DA:78,1
DA:82,1
DA:83,2
DA:84,2
DA:88,1
DA:89,1
DA:90,1
DA:94,1
DA:95,1
DA:96,1
DA:99,1
DA:100,2
DA:101,1
DA:104,1
DA:105,1
DA:106,1
DA:115,1
DA:117,0
DA:118,0
LF:40
LH:38
end_of_record
SF:lib/src/models/generation_result.dart
DA:7,1
DA:14,1
DA:15,1
DA:16,1
DA:17,1
DA:18,1
DA:19,1
DA:20,2
DA:25,0
DA:26,0
DA:27,0
DA:28,0
DA:29,0
DA:30,0
DA:34,0
DA:36,0
LF:16
LH:8
end_of_record
SF:lib/src/models/inference_config.dart
DA:7,0
DA:14,0
DA:15,0
DA:16,0
DA:17,0
DA:18,0
DA:19,0
DA:23,0
DA:25,0
LF:9
LH:0
end_of_record
